<?xml version="1.0" encoding="UTF-8" standalone="no"?>
<!DOCTYPE log SYSTEM "logger.dtd">
<log>
<record>
  <date>2019-10-08T15:44:35</date>
  <millis>1570571075509</millis>
  <sequence>0</sequence>
  <level>START</level>
  <class>com.kms.katalon.core.logging.XmlKeywordLogger</class>
  <method>startSuite</method>
  <thread>1</thread>
  <message>Start Test Suite : Test Suites/TESuite1</message>
  <nestedLevel>0</nestedLevel>
  <property name="name">TESuite1</property>
  <property name="description"></property>
  <property name="id">Test Suites/TESuite1</property>
</record>
<record>
  <date>2019-10-08T15:44:35</date>
  <millis>1570571075523</millis>
  <sequence>1</sequence>
  <level>RUN_DATA</level>
  <class>com.kms.katalon.core.logging.XmlKeywordLogger</class>
  <method>logMessage</method>
  <thread>1</thread>
  <message>hostName = AS468AE - GT2411990W1.ey.net</message>
  <nestedLevel>0</nestedLevel>
  <property name="hostName">AS468AE - GT2411990W1.ey.net</property>
</record>
<record>
  <date>2019-10-08T15:44:35</date>
  <millis>1570571075525</millis>
  <sequence>2</sequence>
  <level>RUN_DATA</level>
  <class>com.kms.katalon.core.logging.XmlKeywordLogger</class>
  <method>logMessage</method>
  <thread>1</thread>
  <message>os = Windows 10 64bit</message>
  <nestedLevel>0</nestedLevel>
  <property name="os">Windows 10 64bit</property>
</record>
<record>
  <date>2019-10-08T15:44:35</date>
  <millis>1570571075526</millis>
  <sequence>3</sequence>
  <level>RUN_DATA</level>
  <class>com.kms.katalon.core.logging.XmlKeywordLogger</class>
  <method>logMessage</method>
  <thread>1</thread>
  <message>hostAddress = 10.182.198.90</message>
  <nestedLevel>0</nestedLevel>
  <property name="hostAddress">10.182.198.90</property>
</record>
<record>
  <date>2019-10-08T15:44:35</date>
  <millis>1570571075528</millis>
  <sequence>4</sequence>
  <level>RUN_DATA</level>
  <class>com.kms.katalon.core.logging.XmlKeywordLogger</class>
  <method>logMessage</method>
  <thread>1</thread>
  <message>katalonVersion = 6.3.3.11</message>
  <nestedLevel>0</nestedLevel>
  <property name="katalonVersion">6.3.3.11</property>
</record>
